<?xml version="1.0" encoding="UTF-8"?>
<!-- Generated by org.testng.reporters.JUnitXMLReporter -->
<testsuite ignored="6" hostname="DESKTOP-F8I6CN8" failures="0" tests="4" name="Default test" time="31.419" errors="0" timestamp="2025-04-28T21:58:18 AST">
  <testcase classname="xyz_bank.testCases" name="managerLogin" time="3.232"/>
  <testcase classname="xyz_bank.testCases" name="addCustomer" time="8.508"/>
  <testcase classname="xyz_bank.testCases" name="addAccount" time="11.059"/>
  <testcase classname="xyz_bank.testCases" name="deleteCustomer" time="6.943"/>
  <testcase classname="xyz_bank.testCases" name="deposit" time="0.0">
    <ignored/>
  </testcase> <!-- deposit -->
  <testcase classname="xyz_bank.testCases" name="login" time="0.0">
    <ignored/>
  </testcase> <!-- login -->
  <testcase classname="xyz_bank.testCases" name="selectName" time="0.0">
    <ignored/>
  </testcase> <!-- selectName -->
  <testcase classname="xyz_bank.testCases" name="withdrawl" time="0.0">
    <ignored/>
  </testcase> <!-- withdrawl -->
  <testcase classname="xyz_bank.testCases" name="transactions" time="0.0">
    <ignored/>
  </testcase> <!-- transactions -->
  <testcase classname="xyz_bank.testCases" name="backToHome" time="0.0">
    <ignored/>
  </testcase> <!-- backToHome -->
</testsuite> <!-- Default test -->
