<?xml version="1.0" encoding="UTF-8"?>
<!-- Generated by org.testng.reporters.JUnitReportReporter -->
<testsuite hostname="DESKTOP-F8I6CN8" failures="0" tests="10" name="xyz_bank.testCases" time="29.742" errors="0" timestamp="2025-04-28T21:58:18 AST" skipped="6">
  <testcase classname="xyz_bank.testCases" name="managerLogin" time="3.232"/>
  <system-out/>
  <testcase classname="xyz_bank.testCases" name="addCustomer" time="8.508"/>
  <system-out/>
  <testcase classname="xyz_bank.testCases" name="addAccount" time="11.059"/>
  <system-out/>
  <testcase classname="xyz_bank.testCases" name="deleteCustomer" time="6.943"/>
  <system-out/>
  <testcase classname="xyz_bank.testCases" name="deposit">
    <skipped/>
  </testcase> <!-- deposit -->
  <system-out/>
  <testcase classname="xyz_bank.testCases" name="login">
    <skipped/>
  </testcase> <!-- login -->
  <system-out/>
  <testcase classname="xyz_bank.testCases" name="selectName">
    <skipped/>
  </testcase> <!-- selectName -->
  <system-out/>
  <testcase classname="xyz_bank.testCases" name="withdrawl">
    <skipped/>
  </testcase> <!-- withdrawl -->
  <system-out/>
  <testcase classname="xyz_bank.testCases" name="transactions">
    <skipped/>
  </testcase> <!-- transactions -->
  <system-out/>
  <testcase classname="xyz_bank.testCases" name="backToHome">
    <skipped/>
  </testcase> <!-- backToHome -->
  <system-out/>
</testsuite> <!-- xyz_bank.testCases -->
